<?xml version="1.0" encoding="UTF-8"?>
<testsuite xmlns:xsi="http://www.w3.org/2001/XMLSchema-instance" xsi:noNamespaceSchemaLocation="https://maven.apache.org/surefire/maven-surefire-plugin/xsd/surefire-test-report.xsd" version="3.0.2" name="ucu.edu.aed.implementaciones.ArbolBinarioTest" time="0.041" tests="25" errors="0" skipped="0" failures="0">
  <properties>
[...]
</properties>
  <testcase name="testEliminarNodoConUnHijo" classname="ucu.edu.aed.implementaciones.ArbolBinarioTest" time="0.007">
    <system-out><![CDATA[contador = 1
contador = 1
contador = 1
contador = 2
contador = 2
contador = 2
contador = 3
contador = 3
contador = 3
]]></system-out>
  </testcase>
  <testcase name="testObtenerRaiz" classname="ucu.edu.aed.implementaciones.ArbolBinarioTest" time="0.001">
    <system-out><![CDATA[contador = 1
contador = 1
contador = 1
contador = 2
contador = 2
contador = 2
contador = 3
contador = 3
contador = 3
]]></system-out>
  </testcase>
  <testcase name="testCantidadHojas" classname="ucu.edu.aed.implementaciones.ArbolBinarioTest" time="0.002">
    <system-out><![CDATA[contador = 1
contador = 1
contador = 1
contador = 2
contador = 2
contador = 2
contador = 3
contador = 3
contador = 3
]]></system-out>
  </testcase>
  <testcase name="testPostOrder" classname="ucu.edu.aed.implementaciones.ArbolBinarioTest" time="0.001">
    <system-out><![CDATA[contador = 1
contador = 1
contador = 1
contador = 2
contador = 2
contador = 2
contador = 3
contador = 3
contador = 3
]]></system-out>
  </testcase>
  <testcase name="testBuscarEnArbolVacio" classname="ucu.edu.aed.implementaciones.ArbolBinarioTest" time="0.001">
    <system-out><![CDATA[contador = 1
contador = 1
contador = 1
contador = 2
contador = 2
contador = 2
contador = 3
contador = 3
contador = 3
]]></system-out>
  </testcase>
  <testcase name="testInOrder" classname="ucu.edu.aed.implementaciones.ArbolBinarioTest" time="0.001">
    <system-out><![CDATA[contador = 1
contador = 1
contador = 1
contador = 2
contador = 2
contador = 2
contador = 3
contador = 3
contador = 3
]]></system-out>
  </testcase>
  <testcase name="testPostOrderString" classname="ucu.edu.aed.implementaciones.ArbolBinarioTest" time="0.0">
    <system-out><![CDATA[contador = 1
contador = 1
contador = 1
contador = 2
contador = 2
contador = 2
contador = 3
contador = 3
contador = 3
]]></system-out>
  </testcase>
  <testcase name="testEliminarEnArbolVacio" classname="ucu.edu.aed.implementaciones.ArbolBinarioTest" time="0.001">
    <system-out><![CDATA[contador = 1
contador = 1
contador = 1
contador = 2
contador = 2
contador = 2
contador = 3
contador = 3
contador = 3
]]></system-out>
  </testcase>
  <testcase name="testCantidadNodos" classname="ucu.edu.aed.implementaciones.ArbolBinarioTest" time="0.0">
    <system-out><![CDATA[contador = 1
contador = 1
contador = 1
contador = 2
contador = 2
contador = 2
contador = 3
contador = 3
contador = 3
]]></system-out>
  </testcase>
  <testcase name="testPreOrder" classname="ucu.edu.aed.implementaciones.ArbolBinarioTest" time="0.001">
    <system-out><![CDATA[contador = 1
contador = 1
contador = 1
contador = 2
contador = 2
contador = 2
contador = 3
contador = 3
contador = 3
]]></system-out>
  </testcase>
  <testcase name="testEliminarHoja" classname="ucu.edu.aed.implementaciones.ArbolBinarioTest" time="0.0">
    <system-out><![CDATA[contador = 1
contador = 1
contador = 1
contador = 2
contador = 2
contador = 2
contador = 3
contador = 3
contador = 3
]]></system-out>
  </testcase>
  <testcase name="testCantidadNodosInternos" classname="ucu.edu.aed.implementaciones.ArbolBinarioTest" time="0.001">
    <system-out><![CDATA[contador = 1
contador = 1
contador = 1
contador = 2
contador = 2
contador = 2
contador = 3
contador = 3
contador = 3
]]></system-out>
  </testcase>
  <testcase name="testInsertarNuevoDato" classname="ucu.edu.aed.implementaciones.ArbolBinarioTest" time="0.0">
    <system-out><![CDATA[contador = 1
contador = 1
contador = 1
contador = 2
contador = 2
contador = 2
contador = 3
contador = 3
contador = 3
contador = 3
]]></system-out>
  </testcase>
  <testcase name="testInOrderString" classname="ucu.edu.aed.implementaciones.ArbolBinarioTest" time="0.001">
    <system-out><![CDATA[contador = 1
contador = 1
contador = 1
contador = 2
contador = 2
contador = 2
contador = 3
contador = 3
contador = 3
]]></system-out>
  </testcase>
  <testcase name="testEsVacioEnArbolNuevo" classname="ucu.edu.aed.implementaciones.ArbolBinarioTest" time="0.0">
    <system-out><![CDATA[contador = 1
contador = 1
contador = 1
contador = 2
contador = 2
contador = 2
contador = 3
contador = 3
contador = 3
]]></system-out>
  </testcase>
  <testcase name="testEsVacioFalseConDatos" classname="ucu.edu.aed.implementaciones.ArbolBinarioTest" time="0.0">
    <system-out><![CDATA[contador = 1
contador = 1
contador = 1
contador = 2
contador = 2
contador = 2
contador = 3
contador = 3
contador = 3
]]></system-out>
  </testcase>
  <testcase name="testInsertarEnArbolVacio" classname="ucu.edu.aed.implementaciones.ArbolBinarioTest" time="0.0">
    <system-out><![CDATA[contador = 1
contador = 1
contador = 1
contador = 2
contador = 2
contador = 2
contador = 3
contador = 3
contador = 3
contador = 1
]]></system-out>
  </testcase>
  <testcase name="testInsertarDuplicadoNoAgrega" classname="ucu.edu.aed.implementaciones.ArbolBinarioTest" time="0.0">
    <system-out><![CDATA[contador = 1
contador = 1
contador = 1
contador = 2
contador = 2
contador = 2
contador = 3
contador = 3
contador = 3
contador = 0
]]></system-out>
  </testcase>
  <testcase name="testInOrderStringEnArbolVacio" classname="ucu.edu.aed.implementaciones.ArbolBinarioTest" time="0.002">
    <system-out><![CDATA[contador = 1
contador = 1
contador = 1
contador = 2
contador = 2
contador = 2
contador = 3
contador = 3
contador = 3
]]></system-out>
  </testcase>
  <testcase name="testEliminarClaveInexistente" classname="ucu.edu.aed.implementaciones.ArbolBinarioTest" time="0.0">
    <system-out><![CDATA[contador = 1
contador = 1
contador = 1
contador = 2
contador = 2
contador = 2
contador = 3
contador = 3
contador = 3
]]></system-out>
  </testcase>
  <testcase name="testEliminarNodoConDosHijos" classname="ucu.edu.aed.implementaciones.ArbolBinarioTest" time="0.001">
    <system-out><![CDATA[contador = 1
contador = 1
contador = 1
contador = 2
contador = 2
contador = 2
contador = 3
contador = 3
contador = 3
]]></system-out>
  </testcase>
  <testcase name="testPostOrderStringEnArbolVacio" classname="ucu.edu.aed.implementaciones.ArbolBinarioTest" time="0.0">
    <system-out><![CDATA[contador = 1
contador = 1
contador = 1
contador = 2
contador = 2
contador = 2
contador = 3
contador = 3
contador = 3
]]></system-out>
  </testcase>
  <testcase name="testBuscarElementoInexistente" classname="ucu.edu.aed.implementaciones.ArbolBinarioTest" time="0.0">
    <system-out><![CDATA[contador = 1
contador = 1
contador = 1
contador = 2
contador = 2
contador = 2
contador = 3
contador = 3
contador = 3
]]></system-out>
  </testcase>
  <testcase name="testBuscarElementoExistente" classname="ucu.edu.aed.implementaciones.ArbolBinarioTest" time="0.001">
    <system-out><![CDATA[contador = 1
contador = 1
contador = 1
contador = 2
contador = 2
contador = 2
contador = 3
contador = 3
contador = 3
]]></system-out>
  </testcase>
  <testcase name="testCantidadNodosEnArbolVacio" classname="ucu.edu.aed.implementaciones.ArbolBinarioTest" time="0.0">
    <system-out><![CDATA[contador = 1
contador = 1
contador = 1
contador = 2
contador = 2
contador = 2
contador = 3
contador = 3
contador = 3
]]></system-out>
  </testcase>
</testsuite>